2024-04-07T20:07:46.163640+0800 INFO main MAIN: Start links monitoring service.
2024-04-07T20:07:46.163846+0800 INFO main MAIN: Start bot service.
2024-04-07T20:07:51.249746+0800 ERROR main MAIN: Task has been cancelled.
2024-04-07T20:09:51.169801+0800 INFO main Start links monitoring service.
2024-04-07T20:09:51.169984+0800 INFO main Start bot service.
2024-04-07T20:09:53.456804+0800 ERROR main Task has been cancelled.
2024-04-07T20:12:50.683809+0800 INFO main Start links monitoring service.
2024-04-07T20:12:50.684011+0800 INFO main Start bot service.
2024-04-07T20:12:55.890945+0800 ERROR main BOT SERVICE: Start with error Timed out.
2024-04-07T20:13:01.100645+0800 ERROR main BOT SERVICE: Start with error Timed out.
2024-04-07T20:13:06.324162+0800 ERROR main BOT SERVICE: Start with error Timed out.
2024-04-07T20:13:11.503330+0800 ERROR main BOT SERVICE: Start with error Timed out.
2024-04-07T20:13:16.701558+0800 ERROR main BOT SERVICE: Start with error Timed out.
2024-04-07T20:13:21.924520+0800 ERROR main BOT SERVICE: Start with error Timed out.
2024-04-07T20:13:27.102918+0800 ERROR main BOT SERVICE: Start with error Timed out.
2024-04-07T20:13:32.361951+0800 ERROR main BOT SERVICE: Start with error Timed out.
2024-04-07T20:13:37.531886+0800 ERROR main Start with error Timed out.
2024-04-07T20:13:42.707717+0800 ERROR main Start with error Timed out.
2024-04-07T20:13:47.900640+0800 ERROR main Start with error Timed out.
2024-04-07T20:13:53.080265+0800 ERROR main Start with error Timed out.
2024-04-07T20:13:58.255531+0800 ERROR main Start with error Timed out.
2024-04-07T20:14:03.431359+0800 ERROR main Start with error Timed out.
2024-04-07T20:14:05.845525+0800 ERROR main Task has been cancelled.
2024-04-07T20:14:56.415414+0800 INFO main Start links monitoring service.
2024-04-07T20:14:56.415581+0800 INFO main Start bot service.
2024-04-07T20:15:09.812368+0800 INFO start_tgraph_komga BOT SERVICE(Komga): Start Telegraph to Komga task.
2024-04-07T20:15:33.462992+0800 INFO telegraph_komga_link_received BOT SERVICE(Message): Sync to telegraph finished: https://telegra.ph/いちのや-甘露アメ-清楚なエロメスガキJKになんて敗けるはずないが敗けます-DL版-04-06
2024-04-07T20:15:33.489959+0800 INFO telegraph_komga_link_received BOT SERVICE(Komga): ADD https://telegra.ph/いちのや-甘露アメ-清楚なエロメスガキJKになんて敗けるはずないが敗けます-DL版-04-06
2024-04-07T20:16:46.198820+0800 INFO task_komga_complete BOT SERVICE(Komga): Finished sending links.
2024-04-07T20:16:47.536016+0800 INFO download_from_link Read komga_link and add links to the queue.
2024-04-07T20:16:47.536293+0800 INFO download_from_link https://telegra.ph/いちのや-甘露アメ-清楚なエロメスガキJKになんて敗けるはずないが敗けます-DL版-04-06 is added to task.
2024-04-07T20:23:17.036863+0800 INFO main Start links monitoring service.
2024-04-07T20:23:17.037067+0800 INFO main Start bot service.
2024-04-07T20:23:20.222153+0800 ERROR cancel BOT SERVICE: Triger fallbacks.
2024-04-07T20:23:23.621319+0800 INFO start_tgraph_komga BOT SERVICE(Komga): Start Telegraph to Komga task.
2024-04-07T20:23:24.632752+0800 ERROR cancel BOT SERVICE: Triger fallbacks.
2024-04-07T20:23:25.971876+0800 ERROR cancel BOT SERVICE: Triger fallbacks.
2024-04-07T20:23:30.336941+0800 ERROR cancel BOT SERVICE: Triger fallbacks.
2024-04-07T20:23:31.434050+0800 INFO telegraph_komga_link_received BOT SERVICE(Message): Sync to telegraph finished: https://telegra.ph/いちのや-甘露アメ-清楚なエロメスガキJKになんて敗けるはずないが敗けます-DL版-04-06
2024-04-07T20:23:31.443138+0800 INFO telegraph_komga_link_received BOT SERVICE(Komga): ADD https://telegra.ph/いちのや-甘露アメ-清楚なエロメスガキJKになんて敗けるはずないが敗けます-DL版-04-06
2024-04-07T20:23:32.151061+0800 ERROR cancel BOT SERVICE: Triger fallbacks.
2024-04-07T20:23:36.506429+0800 ERROR cancel BOT SERVICE: Triger fallbacks.
2024-04-07T20:23:39.134458+0800 ERROR cancel BOT SERVICE: Triger fallbacks.
2024-04-07T20:23:43.999879+0800 ERROR cancel BOT SERVICE: Triger fallbacks.
2024-04-07T20:23:47.542410+0800 INFO task_komga_complete BOT SERVICE(Komga): Finished sending links.
2024-04-07T20:23:48.150828+0800 ERROR cancel BOT SERVICE: Triger fallbacks.
2024-04-07T20:23:49.072808+0800 INFO download_from_link Read komga_link and add links to the queue.
2024-04-07T20:23:49.073155+0800 INFO download_from_link https://telegra.ph/いちのや-甘露アメ-清楚なエロメスガキJKになんて敗けるはずないが敗けます-DL版-04-06 is added to task.
2024-04-07T20:23:50.138402+0800 INFO _init_data Create dir at '/home/tairitsucat/Templates/[いちのや(甘露アメ)]清楚なエロメスガキJKになんて敗けるはずないが※敗けます[DL版]'
2024-04-07T20:23:52.787539+0800 ERROR cancel BOT SERVICE: Triger fallbacks.
2024-04-07T20:23:54.129090+0800 ERROR cancel BOT SERVICE: Triger fallbacks.
2024-04-07T20:23:58.958624+0800 ERROR cancel BOT SERVICE: Triger fallbacks.
2024-04-07T20:24:00.789549+0800 ERROR cancel BOT SERVICE: Triger fallbacks.
2024-04-07T20:24:06.430723+0800 ERROR cancel BOT SERVICE: Triger fallbacks.
2024-04-07T20:24:09.055835+0800 ERROR cancel BOT SERVICE: Triger fallbacks.
2024-04-07T20:24:12.844626+0800 ERROR cancel BOT SERVICE: Triger fallbacks.
2024-04-07T20:24:13.144794+0800 INFO _zip_folder Create zip '[いちのや(甘露アメ)]清楚なエロメスガキJKになんて敗けるはずないが※敗けます[DL版].zip'
2024-04-07T20:24:16.752825+0800 ERROR cancel BOT SERVICE: Triger fallbacks.
2024-04-07T20:24:23.360180+0800 ERROR cancel BOT SERVICE: Triger fallbacks.
2024-04-07T20:24:24.250252+0800 ERROR main Task has been cancelled.
2024-04-07T20:24:27.594671+0800 ERROR cancel BOT SERVICE: Triger fallbacks.
2024-04-07T20:35:40.075670+0800 ERROR cancel BOT SERVICE: Triger fallbacks.
